{"level":"info","message":"App is running on port 3000"}
{"level":"error","message":"connect ECONNREFUSED 127.0.0.1:27017","reason":{"commonWireVersion":null,"compatibilityError":null,"compatible":true,"heartbeatFrequencyMS":10000,"localThresholdMS":15,"logicalSessionTimeoutMinutes":null,"maxElectionId":null,"maxSetVersion":null,"servers":{},"setName":null,"stale":false,"type":"Single"}}
{"level":"info","message":"App is running on port 3000"}
{"level":"error","message":"connect ECONNREFUSED 127.0.0.1:27017","reason":{"commonWireVersion":null,"compatibilityError":null,"compatible":true,"heartbeatFrequencyMS":10000,"localThresholdMS":15,"logicalSessionTimeoutMinutes":null,"maxElectionId":null,"maxSetVersion":null,"servers":{},"setName":null,"stale":false,"type":"Single"}}
{"level":"info","message":"App is running on port 3000"}
{"level":"info","message":"new user : "}
{"level":"info","message":"Online users: GJ"}
{"level":"info","message":"new user : "}
{"level":"info","message":"Online users: GJ,GJ5"}
{"level":"info","message":"user GJ5 disconnected"}
{"level":"info","message":"new user : "}
{"level":"info","message":"Online users: GJ,GJ5"}
{"level":"info","message":"user GJ5 disconnected"}
{"level":"info","message":"App is running on port 3000"}
{"level":"info","message":"App is running on port 3000"}
{"level":"info","message":"App is running on port 3000"}
{"level":"info","message":"App is running on port 3000"}
{"level":"info","message":"App is running on port 3000"}
{"level":"info","message":"App is running on port 3000"}
{"level":"info","message":"App is running on port 3000"}
{"level":"info","message":"App is running on port 3000"}
{"level":"info","message":"App is running on port 3000"}
{"level":"info","message":"App is running on port 3000"}
{"level":"info","message":"App is running on port 3000"}
{"level":"info","message":"new user : "}
{"level":"info","message":"Online users: GJ2"}
{"level":"info","message":"user GJ2 disconnected"}
{"level":"info","message":"App is running on port 3000"}
{"level":"info","message":"new user : "}
{"level":"info","message":"Online users: GJ2"}
{"level":"info","message":"user GJ2 disconnected"}
{"level":"info","message":"new user : "}
{"level":"info","message":"Online users: GJ2"}
{"level":"info","message":"user GJ2 disconnected"}
{"level":"info","message":"new user : "}
{"level":"info","message":"Online users: GJ2"}
{"level":"info","message":"user GJ2 disconnected"}
{"level":"info","message":"App is running on port 3000"}
{"level":"info","message":"new user : "}
{"level":"info","message":"Online users: GJ2"}
{"level":"info","message":"user GJ2 disconnected"}
{"level":"info","message":"new user : "}
{"level":"info","message":"Online users: GJ"}
{"level":"info","message":"new user : "}
{"level":"info","message":"Online users: GJ,GJ2"}
{"level":"info","message":"user GJ2 disconnected"}
{"level":"info","message":"user GJ disconnected"}
{"level":"info","message":"App is running on port 3000"}
{"level":"info","message":"new user : "}
{"level":"info","message":"Online users: GJ"}
{"level":"info","message":"user GJ disconnected"}
{"level":"info","message":"App is running on port 3000"}
{"level":"info","message":"App is running on port 3000"}
{"level":"info","message":"new user : "}
{"level":"info","message":"Online users: GJ"}
{"level":"info","message":"new user : "}
{"level":"info","message":"Online users: GJ,GJ2"}
{"level":"info","message":"user GJ2 disconnected"}
{"level":"info","message":"user GJ disconnected"}
{"level":"info","message":"App is running on port 3000"}
{"level":"error","message":"connection <monitor> to 127.0.0.1:27017 timed out","reason":{"commonWireVersion":null,"compatibilityError":null,"compatible":true,"heartbeatFrequencyMS":10000,"localThresholdMS":15,"logicalSessionTimeoutMinutes":null,"maxElectionId":null,"maxSetVersion":null,"servers":{},"setName":null,"stale":false,"type":"Single"}}
{"level":"info","message":"App is running on port 3000"}
{"level":"info","message":"App is running on port 3000"}
{"level":"error","message":"connection <monitor> to 127.0.0.1:27017 timed out","reason":{"commonWireVersion":null,"compatibilityError":null,"compatible":true,"heartbeatFrequencyMS":10000,"localThresholdMS":15,"logicalSessionTimeoutMinutes":null,"maxElectionId":null,"maxSetVersion":null,"servers":{},"setName":null,"stale":false,"type":"Single"}}
{"level":"info","message":"App is running on port 3000"}
{"level":"info","message":"App is running on port 3000"}
{"level":"info","message":"App is running on port 3000"}
{"level":"info","message":"App is running on port 3000"}
{"level":"info","message":"App is running on port 3000"}
{"level":"info","message":"App is running on port 3000"}
{"level":"info","message":"App is running on port 3000"}
{"level":"info","message":"App is running on port 3000"}
{"level":"info","message":"App is running on port 3000"}
{"level":"info","message":"App is running on port 3000"}
